<?xml version="1.0" encoding="UTF-8"?>
<testng-results ignored="0" total="6" passed="6" failed="0" skipped="0">
  <reporter-output>
  </reporter-output>
  <suite started-at="2020-09-06T18:42:35Z" name="Suite" finished-at="2020-09-06T18:45:27Z" duration-ms="172036">
    <groups>
    </groups>
    <test started-at="2020-09-06T18:42:35Z" name="Test" finished-at="2020-09-06T18:45:27Z" duration-ms="172036">
      <class name="mukuru_testCases.TC_Registrattion">
        <test-method is-config="true" signature="setUp(java.lang.String, java.lang.String)[pri:0, instance:mukuru_testCases.TC_Registrattion@7b02881e]" started-at="2020-09-06T18:44:39Z" name="setUp" finished-at="2020-09-06T18:45:03Z" duration-ms="23688" status="PASS">
          <params>
            <param index="0">
              <value>
                <![CDATA[chrome]]>
              </value>
            </param>
            <param index="1">
              <value>
                <![CDATA[http://automationpractice.com/index.php]]>
              </value>
            </param>
          </params>
          <reporter-output>
          </reporter-output>
        </test-method> <!-- setUp -->
        <test-method signature="registration()[pri:0, instance:mukuru_testCases.TC_Registrattion@7b02881e]" started-at="2020-09-06T18:45:03Z" name="registration" finished-at="2020-09-06T18:45:25Z" duration-ms="21519" status="PASS">
          <reporter-output>
          </reporter-output>
        </test-method> <!-- registration -->
        <test-method is-config="true" signature="tearDown()[pri:0, instance:mukuru_testCases.TC_Registrattion@7b02881e]" started-at="2020-09-06T18:45:25Z" name="tearDown" finished-at="2020-09-06T18:45:27Z" duration-ms="2252" status="PASS">
          <reporter-output>
          </reporter-output>
        </test-method> <!-- tearDown -->
      </class> <!-- mukuru_testCases.TC_Registrattion -->
      <class name="mukuru_testCases.TC_ContactUS">
        <test-method is-config="true" signature="setUp(java.lang.String, java.lang.String)[pri:0, instance:mukuru_testCases.TC_ContactUS@5f8edcc5]" started-at="2020-09-06T18:43:57Z" name="setUp" finished-at="2020-09-06T18:44:20Z" duration-ms="22584" status="PASS">
          <params>
            <param index="0">
              <value>
                <![CDATA[chrome]]>
              </value>
            </param>
            <param index="1">
              <value>
                <![CDATA[http://automationpractice.com/index.php]]>
              </value>
            </param>
          </params>
          <reporter-output>
          </reporter-output>
        </test-method> <!-- setUp -->
        <test-method signature="contactUsNeg()[pri:0, instance:mukuru_testCases.TC_ContactUS@5f8edcc5]" started-at="2020-09-06T18:44:20Z" name="contactUsNeg" finished-at="2020-09-06T18:44:30Z" duration-ms="9796" status="PASS">
          <reporter-output>
          </reporter-output>
        </test-method> <!-- contactUsNeg -->
        <test-method signature="contactUsPositive()[pri:0, instance:mukuru_testCases.TC_ContactUS@5f8edcc5]" started-at="2020-09-06T18:44:30Z" name="contactUsPositive" finished-at="2020-09-06T18:44:38Z" duration-ms="7917" status="PASS">
          <reporter-output>
          </reporter-output>
        </test-method> <!-- contactUsPositive -->
        <test-method is-config="true" signature="tearDown()[pri:0, instance:mukuru_testCases.TC_ContactUS@5f8edcc5]" started-at="2020-09-06T18:44:38Z" name="tearDown" finished-at="2020-09-06T18:44:39Z" duration-ms="1555" status="PASS">
          <reporter-output>
          </reporter-output>
        </test-method> <!-- tearDown -->
      </class> <!-- mukuru_testCases.TC_ContactUS -->
      <class name="mukuru_testCases.TC_Search">
        <test-method is-config="true" signature="setUp(java.lang.String, java.lang.String)[pri:0, instance:mukuru_testCases.TC_Search@6db9f5a4]" started-at="2020-09-06T18:43:21Z" name="setUp" finished-at="2020-09-06T18:43:44Z" duration-ms="23014" status="PASS">
          <params>
            <param index="0">
              <value>
                <![CDATA[chrome]]>
              </value>
            </param>
            <param index="1">
              <value>
                <![CDATA[http://automationpractice.com/index.php]]>
              </value>
            </param>
          </params>
          <reporter-output>
          </reporter-output>
        </test-method> <!-- setUp -->
        <test-method signature="SearchProduct()[pri:0, instance:mukuru_testCases.TC_Search@6db9f5a4]" started-at="2020-09-06T18:43:44Z" name="SearchProduct" finished-at="2020-09-06T18:43:50Z" duration-ms="5994" status="PASS">
          <reporter-output>
          </reporter-output>
        </test-method> <!-- SearchProduct -->
        <test-method signature="SearchProductNegative()[pri:0, instance:mukuru_testCases.TC_Search@6db9f5a4]" started-at="2020-09-06T18:43:50Z" name="SearchProductNegative" finished-at="2020-09-06T18:43:55Z" duration-ms="4783" status="PASS">
          <reporter-output>
          </reporter-output>
        </test-method> <!-- SearchProductNegative -->
        <test-method is-config="true" signature="tearDown()[pri:0, instance:mukuru_testCases.TC_Search@6db9f5a4]" started-at="2020-09-06T18:43:55Z" name="tearDown" finished-at="2020-09-06T18:43:57Z" duration-ms="2458" status="PASS">
          <reporter-output>
          </reporter-output>
        </test-method> <!-- tearDown -->
      </class> <!-- mukuru_testCases.TC_Search -->
      <class name="mukuru_testCases.MenuTestCase">
        <test-method is-config="true" signature="setUp(java.lang.String, java.lang.String)[pri:0, instance:mukuru_testCases.MenuTestCase@117e949d]" started-at="2020-09-06T18:42:36Z" name="setUp" finished-at="2020-09-06T18:43:05Z" duration-ms="28384" status="PASS">
          <params>
            <param index="0">
              <value>
                <![CDATA[chrome]]>
              </value>
            </param>
            <param index="1">
              <value>
                <![CDATA[http://automationpractice.com/index.php]]>
              </value>
            </param>
          </params>
          <reporter-output>
          </reporter-output>
        </test-method> <!-- setUp -->
        <test-method signature="MenuNavigation()[pri:0, instance:mukuru_testCases.MenuTestCase@117e949d]" started-at="2020-09-06T18:43:05Z" name="MenuNavigation" finished-at="2020-09-06T18:43:19Z" duration-ms="14640" status="PASS">
          <reporter-output>
          </reporter-output>
        </test-method> <!-- MenuNavigation -->
        <test-method is-config="true" signature="tearDown()[pri:0, instance:mukuru_testCases.MenuTestCase@117e949d]" started-at="2020-09-06T18:43:19Z" name="tearDown" finished-at="2020-09-06T18:43:21Z" duration-ms="1920" status="PASS">
          <reporter-output>
          </reporter-output>
        </test-method> <!-- tearDown -->
      </class> <!-- mukuru_testCases.MenuTestCase -->
    </test> <!-- Test -->
  </suite> <!-- Suite -->
</testng-results>
