<?xml version="1.0" encoding="UTF-8"?>
<!-- Generated by org.testng.reporters.JUnitXMLReporter -->
<testsuite ignored="0" hostname="620jnbpbb313l" failures="0" tests="6" name="Test" time="172.036" errors="0" timestamp="06 Sep 2020 18:45:27 GMT">
  <testcase classname="mukuru_testCases.MenuTestCase" name="MenuNavigation" time="14.64"/>
  <testcase classname="mukuru_testCases.TC_Search" name="SearchProduct" time="5.994"/>
  <testcase classname="mukuru_testCases.TC_Search" name="SearchProductNegative" time="4.783"/>
  <testcase classname="mukuru_testCases.TC_ContactUS" name="contactUsNeg" time="9.796"/>
  <testcase classname="mukuru_testCases.TC_ContactUS" name="contactUsPositive" time="7.917"/>
  <testcase classname="mukuru_testCases.TC_Registrattion" name="registration" time="21.519"/>
</testsuite> <!-- Test -->
