<?xml version="1.0" encoding="UTF-8"?>
<!-- Generated by org.testng.reporters.JUnitXMLReporter -->
<testsuite ignored="0" hostname="620jnbpbb313l" failures="0" tests="6" name="Test_Chrome" time="305.853" errors="0" timestamp="08 Sep 2020 15:16:42 GMT">
  <testcase classname="mukuru_testCases.MenuTestCase" name="MenuNavigation" time="51.05"/>
  <testcase classname="mukuru_testCases.TC_Search" name="SearchProduct" time="9.736"/>
  <testcase classname="mukuru_testCases.TC_Search" name="SearchProductNegative" time="5.511"/>
  <testcase classname="mukuru_testCases.TC_ContactUS" name="contactUsNeg" time="18.588"/>
  <testcase classname="mukuru_testCases.TC_ContactUS" name="contactUsPositive" time="14.97"/>
  <testcase classname="mukuru_testCases.TC_Registrattion" name="registration" time="23.617"/>
</testsuite> <!-- Test_Chrome -->
