<?xml version="1.0" encoding="UTF-8"?>
<!-- Generated by org.testng.reporters.JUnitXMLReporter -->
<testsuite ignored="0" hostname="620jnbpbb313l" failures="0" tests="6" name="Test" time="177.298" errors="0" timestamp="07 Sep 2020 06:24:33 GMT">
  <testcase classname="mukuru_testCases.MenuTestCase" name="MenuNavigation" time="17.858"/>
  <testcase classname="mukuru_testCases.TC_Search" name="SearchProduct" time="6.153"/>
  <testcase classname="mukuru_testCases.TC_Search" name="SearchProductNegative" time="4.004"/>
  <testcase classname="mukuru_testCases.TC_ContactUS" name="contactUsNeg" time="9.819"/>
  <testcase classname="mukuru_testCases.TC_ContactUS" name="contactUsPositive" time="8.998"/>
  <testcase classname="mukuru_testCases.TC_Registrattion" name="registration" time="18.609"/>
</testsuite> <!-- Test -->
