<?xml version="1.0" encoding="UTF-8"?>
<!-- Generated by org.testng.reporters.JUnitXMLReporter -->
<testsuite ignored="0" hostname="620jnbpbb313l" failures="0" tests="6" name="Test" time="225.31" errors="0" timestamp="07 Sep 2020 07:37:15 GMT">
  <testcase classname="mukuru_testCases.MenuTestCase" name="MenuNavigation" time="26.967"/>
  <testcase classname="mukuru_testCases.TC_Search" name="SearchProduct" time="8.436"/>
  <testcase classname="mukuru_testCases.TC_Search" name="SearchProductNegative" time="6.294"/>
  <testcase classname="mukuru_testCases.TC_ContactUS" name="contactUsNeg" time="17.247"/>
  <testcase classname="mukuru_testCases.TC_ContactUS" name="contactUsPositive" time="17.724"/>
  <testcase classname="mukuru_testCases.TC_Registrattion" name="registration" time="22.409"/>
</testsuite> <!-- Test -->
