<?xml version="1.0" encoding="UTF-8"?>
<testng-results ignored="0" total="6" passed="6" failed="0" skipped="0">
  <reporter-output>
  </reporter-output>
  <suite started-at="2020-09-08T15:11:36Z" name="Suite" finished-at="2020-09-08T15:16:41Z" duration-ms="305853">
    <groups>
    </groups>
    <test started-at="2020-09-08T15:11:36Z" name="Test_Chrome" finished-at="2020-09-08T15:16:41Z" duration-ms="305853">
      <class name="mukuru_testCases.TC_Registrattion">
        <test-method is-config="true" signature="setUp(java.lang.String, java.lang.String)[pri:0, instance:mukuru_testCases.TC_Registrattion@7b02881e]" started-at="2020-09-08T15:15:45Z" name="setUp" finished-at="2020-09-08T15:16:16Z" duration-ms="30593" status="PASS">
          <params>
            <param index="0">
              <value>
                <![CDATA[chrome]]>
              </value>
            </param>
            <param index="1">
              <value>
                <![CDATA[http://automationpractice.com/index.php]]>
              </value>
            </param>
          </params>
          <reporter-output>
          </reporter-output>
        </test-method> <!-- setUp -->
        <test-method signature="registration()[pri:0, instance:mukuru_testCases.TC_Registrattion@7b02881e]" started-at="2020-09-08T15:16:16Z" name="registration" finished-at="2020-09-08T15:16:40Z" duration-ms="23617" status="PASS">
          <reporter-output>
          </reporter-output>
        </test-method> <!-- registration -->
        <test-method is-config="true" signature="tearDown()[pri:0, instance:mukuru_testCases.TC_Registrattion@7b02881e]" started-at="2020-09-08T15:16:40Z" name="tearDown" finished-at="2020-09-08T15:16:41Z" duration-ms="1769" status="PASS">
          <reporter-output>
          </reporter-output>
        </test-method> <!-- tearDown -->
      </class> <!-- mukuru_testCases.TC_Registrattion -->
      <class name="mukuru_testCases.TC_ContactUS">
        <test-method is-config="true" signature="setUp(java.lang.String, java.lang.String)[pri:0, instance:mukuru_testCases.TC_ContactUS@5f8edcc5]" started-at="2020-09-08T15:14:31Z" name="setUp" finished-at="2020-09-08T15:15:10Z" duration-ms="38446" status="PASS">
          <params>
            <param index="0">
              <value>
                <![CDATA[chrome]]>
              </value>
            </param>
            <param index="1">
              <value>
                <![CDATA[http://automationpractice.com/index.php]]>
              </value>
            </param>
          </params>
          <reporter-output>
          </reporter-output>
        </test-method> <!-- setUp -->
        <test-method signature="contactUsNeg()[pri:0, instance:mukuru_testCases.TC_ContactUS@5f8edcc5]" started-at="2020-09-08T15:15:10Z" name="contactUsNeg" finished-at="2020-09-08T15:15:28Z" duration-ms="18588" status="PASS">
          <reporter-output>
          </reporter-output>
        </test-method> <!-- contactUsNeg -->
        <test-method signature="contactUsPositive()[pri:0, instance:mukuru_testCases.TC_ContactUS@5f8edcc5]" started-at="2020-09-08T15:15:28Z" name="contactUsPositive" finished-at="2020-09-08T15:15:43Z" duration-ms="14970" status="PASS">
          <reporter-output>
          </reporter-output>
        </test-method> <!-- contactUsPositive -->
        <test-method is-config="true" signature="tearDown()[pri:0, instance:mukuru_testCases.TC_ContactUS@5f8edcc5]" started-at="2020-09-08T15:15:43Z" name="tearDown" finished-at="2020-09-08T15:15:45Z" duration-ms="2293" status="PASS">
          <reporter-output>
          </reporter-output>
        </test-method> <!-- tearDown -->
      </class> <!-- mukuru_testCases.TC_ContactUS -->
      <class name="mukuru_testCases.TC_Search">
        <test-method is-config="true" signature="setUp(java.lang.String, java.lang.String)[pri:0, instance:mukuru_testCases.TC_Search@6db9f5a4]" started-at="2020-09-08T15:13:03Z" name="setUp" finished-at="2020-09-08T15:14:12Z" duration-ms="68932" status="PASS">
          <params>
            <param index="0">
              <value>
                <![CDATA[chrome]]>
              </value>
            </param>
            <param index="1">
              <value>
                <![CDATA[http://automationpractice.com/index.php]]>
              </value>
            </param>
          </params>
          <reporter-output>
          </reporter-output>
        </test-method> <!-- setUp -->
        <test-method signature="SearchProduct()[pri:0, instance:mukuru_testCases.TC_Search@6db9f5a4]" started-at="2020-09-08T15:14:12Z" name="SearchProduct" finished-at="2020-09-08T15:14:22Z" duration-ms="9736" status="PASS">
          <reporter-output>
          </reporter-output>
        </test-method> <!-- SearchProduct -->
        <test-method signature="SearchProductNegative()[pri:0, instance:mukuru_testCases.TC_Search@6db9f5a4]" started-at="2020-09-08T15:14:22Z" name="SearchProductNegative" finished-at="2020-09-08T15:14:27Z" duration-ms="5511" status="PASS">
          <reporter-output>
          </reporter-output>
        </test-method> <!-- SearchProductNegative -->
        <test-method is-config="true" signature="tearDown()[pri:0, instance:mukuru_testCases.TC_Search@6db9f5a4]" started-at="2020-09-08T15:14:27Z" name="tearDown" finished-at="2020-09-08T15:14:31Z" duration-ms="4081" status="PASS">
          <reporter-output>
          </reporter-output>
        </test-method> <!-- tearDown -->
      </class> <!-- mukuru_testCases.TC_Search -->
      <class name="mukuru_testCases.MenuTestCase">
        <test-method is-config="true" signature="setUp(java.lang.String, java.lang.String)[pri:0, instance:mukuru_testCases.MenuTestCase@117e949d]" started-at="2020-09-08T15:11:36Z" name="setUp" finished-at="2020-09-08T15:12:10Z" duration-ms="33305" status="PASS">
          <params>
            <param index="0">
              <value>
                <![CDATA[chrome]]>
              </value>
            </param>
            <param index="1">
              <value>
                <![CDATA[http://automationpractice.com/index.php]]>
              </value>
            </param>
          </params>
          <reporter-output>
          </reporter-output>
        </test-method> <!-- setUp -->
        <test-method signature="MenuNavigation()[pri:0, instance:mukuru_testCases.MenuTestCase@117e949d]" started-at="2020-09-08T15:12:10Z" name="MenuNavigation" finished-at="2020-09-08T15:13:01Z" duration-ms="51050" status="PASS">
          <reporter-output>
          </reporter-output>
        </test-method> <!-- MenuNavigation -->
        <test-method is-config="true" signature="tearDown()[pri:0, instance:mukuru_testCases.MenuTestCase@117e949d]" started-at="2020-09-08T15:13:01Z" name="tearDown" finished-at="2020-09-08T15:13:03Z" duration-ms="2218" status="PASS">
          <reporter-output>
          </reporter-output>
        </test-method> <!-- tearDown -->
      </class> <!-- mukuru_testCases.MenuTestCase -->
    </test> <!-- Test_Chrome -->
  </suite> <!-- Suite -->
</testng-results>
