<?xml version="1.0" encoding="UTF-8"?>
<testng-results ignored="0" total="6" passed="6" failed="0" skipped="0">
  <reporter-output>
  </reporter-output>
  <suite started-at="2020-09-07T06:21:36Z" name="Suite" finished-at="2020-09-07T06:24:33Z" duration-ms="177298">
    <groups>
    </groups>
    <test started-at="2020-09-07T06:21:36Z" name="Test" finished-at="2020-09-07T06:24:33Z" duration-ms="177298">
      <class name="mukuru_testCases.TC_Registrattion">
        <test-method is-config="true" signature="setUp(java.lang.String, java.lang.String)[pri:0, instance:mukuru_testCases.TC_Registrattion@7b02881e]" started-at="2020-09-07T06:23:50Z" name="setUp" finished-at="2020-09-07T06:24:13Z" duration-ms="22740" status="PASS">
          <params>
            <param index="0">
              <value>
                <![CDATA[chrome]]>
              </value>
            </param>
            <param index="1">
              <value>
                <![CDATA[http://automationpractice.com/index.php]]>
              </value>
            </param>
          </params>
          <reporter-output>
          </reporter-output>
        </test-method> <!-- setUp -->
        <test-method signature="registration()[pri:0, instance:mukuru_testCases.TC_Registrattion@7b02881e]" started-at="2020-09-07T06:24:13Z" name="registration" finished-at="2020-09-07T06:24:31Z" duration-ms="18609" status="PASS">
          <reporter-output>
          </reporter-output>
        </test-method> <!-- registration -->
        <test-method is-config="true" signature="tearDown()[pri:0, instance:mukuru_testCases.TC_Registrattion@7b02881e]" started-at="2020-09-07T06:24:31Z" name="tearDown" finished-at="2020-09-07T06:24:33Z" duration-ms="1655" status="PASS">
          <reporter-output>
          </reporter-output>
        </test-method> <!-- tearDown -->
      </class> <!-- mukuru_testCases.TC_Registrattion -->
      <class name="mukuru_testCases.TC_ContactUS">
        <test-method is-config="true" signature="setUp(java.lang.String, java.lang.String)[pri:0, instance:mukuru_testCases.TC_ContactUS@5f8edcc5]" started-at="2020-09-07T06:23:06Z" name="setUp" finished-at="2020-09-07T06:23:29Z" duration-ms="23025" status="PASS">
          <params>
            <param index="0">
              <value>
                <![CDATA[chrome]]>
              </value>
            </param>
            <param index="1">
              <value>
                <![CDATA[http://automationpractice.com/index.php]]>
              </value>
            </param>
          </params>
          <reporter-output>
          </reporter-output>
        </test-method> <!-- setUp -->
        <test-method signature="contactUsNeg()[pri:0, instance:mukuru_testCases.TC_ContactUS@5f8edcc5]" started-at="2020-09-07T06:23:29Z" name="contactUsNeg" finished-at="2020-09-07T06:23:39Z" duration-ms="9819" status="PASS">
          <reporter-output>
          </reporter-output>
        </test-method> <!-- contactUsNeg -->
        <test-method signature="contactUsPositive()[pri:0, instance:mukuru_testCases.TC_ContactUS@5f8edcc5]" started-at="2020-09-07T06:23:39Z" name="contactUsPositive" finished-at="2020-09-07T06:23:48Z" duration-ms="8998" status="PASS">
          <reporter-output>
          </reporter-output>
        </test-method> <!-- contactUsPositive -->
        <test-method is-config="true" signature="tearDown()[pri:0, instance:mukuru_testCases.TC_ContactUS@5f8edcc5]" started-at="2020-09-07T06:23:48Z" name="tearDown" finished-at="2020-09-07T06:23:50Z" duration-ms="1968" status="PASS">
          <reporter-output>
          </reporter-output>
        </test-method> <!-- tearDown -->
      </class> <!-- mukuru_testCases.TC_ContactUS -->
      <class name="mukuru_testCases.TC_Search">
        <test-method is-config="true" signature="setUp(java.lang.String, java.lang.String)[pri:0, instance:mukuru_testCases.TC_Search@6db9f5a4]" started-at="2020-09-07T06:22:27Z" name="setUp" finished-at="2020-09-07T06:22:54Z" duration-ms="26862" status="PASS">
          <params>
            <param index="0">
              <value>
                <![CDATA[chrome]]>
              </value>
            </param>
            <param index="1">
              <value>
                <![CDATA[http://automationpractice.com/index.php]]>
              </value>
            </param>
          </params>
          <reporter-output>
          </reporter-output>
        </test-method> <!-- setUp -->
        <test-method signature="SearchProduct()[pri:0, instance:mukuru_testCases.TC_Search@6db9f5a4]" started-at="2020-09-07T06:22:54Z" name="SearchProduct" finished-at="2020-09-07T06:23:00Z" duration-ms="6153" status="PASS">
          <reporter-output>
          </reporter-output>
        </test-method> <!-- SearchProduct -->
        <test-method signature="SearchProductNegative()[pri:0, instance:mukuru_testCases.TC_Search@6db9f5a4]" started-at="2020-09-07T06:23:00Z" name="SearchProductNegative" finished-at="2020-09-07T06:23:04Z" duration-ms="4004" status="PASS">
          <reporter-output>
          </reporter-output>
        </test-method> <!-- SearchProductNegative -->
        <test-method is-config="true" signature="tearDown()[pri:0, instance:mukuru_testCases.TC_Search@6db9f5a4]" started-at="2020-09-07T06:23:04Z" name="tearDown" finished-at="2020-09-07T06:23:06Z" duration-ms="1789" status="PASS">
          <reporter-output>
          </reporter-output>
        </test-method> <!-- tearDown -->
      </class> <!-- mukuru_testCases.TC_Search -->
      <class name="mukuru_testCases.MenuTestCase">
        <test-method is-config="true" signature="setUp(java.lang.String, java.lang.String)[pri:0, instance:mukuru_testCases.MenuTestCase@117e949d]" started-at="2020-09-07T06:21:36Z" name="setUp" finished-at="2020-09-07T06:22:07Z" duration-ms="30920" status="PASS">
          <params>
            <param index="0">
              <value>
                <![CDATA[chrome]]>
              </value>
            </param>
            <param index="1">
              <value>
                <![CDATA[http://automationpractice.com/index.php]]>
              </value>
            </param>
          </params>
          <reporter-output>
          </reporter-output>
        </test-method> <!-- setUp -->
        <test-method signature="MenuNavigation()[pri:0, instance:mukuru_testCases.MenuTestCase@117e949d]" started-at="2020-09-07T06:22:07Z" name="MenuNavigation" finished-at="2020-09-07T06:22:25Z" duration-ms="17858" status="PASS">
          <reporter-output>
          </reporter-output>
        </test-method> <!-- MenuNavigation -->
        <test-method is-config="true" signature="tearDown()[pri:0, instance:mukuru_testCases.MenuTestCase@117e949d]" started-at="2020-09-07T06:22:25Z" name="tearDown" finished-at="2020-09-07T06:22:27Z" duration-ms="2128" status="PASS">
          <reporter-output>
          </reporter-output>
        </test-method> <!-- tearDown -->
      </class> <!-- mukuru_testCases.MenuTestCase -->
    </test> <!-- Test -->
  </suite> <!-- Suite -->
</testng-results>
